0 info it worked if it ends with ok
1 verbose cli [ '/usr/local/bin/node',
1 verbose cli   '/usr/local/bin/npm',
1 verbose cli   'install',
1 verbose cli   '-g',
1 verbose cli   'node-inspector' ]
2 info using npm@2.14.7
3 info using node@v4.2.3
4 verbose install initial load of /usr/local/lib/package.json
5 verbose readDependencies loading dependencies from /usr/local/lib/package.json
6 silly cache add args [ 'node-inspector', null ]
7 verbose cache add spec node-inspector
8 silly cache add parsed spec Result {
8 silly cache add   raw: 'node-inspector',
8 silly cache add   scope: null,
8 silly cache add   name: 'node-inspector',
8 silly cache add   rawSpec: '',
8 silly cache add   spec: '*',
8 silly cache add   type: 'range' }
9 silly addNamed node-inspector@*
10 verbose addNamed "*" is a valid semver range for node-inspector
11 silly addNameRange { name: 'node-inspector', range: '*', hasData: false }
12 silly mapToRegistry name node-inspector
13 silly mapToRegistry using default registry
14 silly mapToRegistry registry https://registry.npmjs.org/
15 silly mapToRegistry uri https://registry.npmjs.org/node-inspector
16 verbose addNameRange registry:https://registry.npmjs.org/node-inspector not in flight; fetching
17 verbose request uri https://registry.npmjs.org/node-inspector
18 verbose request no auth needed
19 info attempt registry request try #1 at 6:08:43 PM
20 verbose request id 4792614a96c9fba9
21 http request GET https://registry.npmjs.org/node-inspector
22 http 200 https://registry.npmjs.org/node-inspector
23 verbose headers { server: 'CouchDB/1.5.0 (Erlang OTP/R16B03)',
23 verbose headers   etag: '"CMC6SZJTBPO0CBQL0L2H2JK3G"',
23 verbose headers   'content-type': 'application/json',
23 verbose headers   'cache-control': 'max-age=300',
23 verbose headers   'content-length': '145365',
23 verbose headers   'accept-ranges': 'bytes',
23 verbose headers   date: 'Thu, 25 Feb 2016 02:08:44 GMT',
23 verbose headers   via: '1.1 varnish',
23 verbose headers   age: '0',
23 verbose headers   connection: 'keep-alive',
23 verbose headers   'x-served-by': 'cache-lax1426-LAX',
23 verbose headers   'x-cache': 'HIT',
23 verbose headers   'x-cache-hits': '1',
23 verbose headers   'x-timer': 'S1456366123.921815,VS0,VE375',
23 verbose headers   vary: 'Accept' }
24 silly get cb [ 200,
24 silly get   { server: 'CouchDB/1.5.0 (Erlang OTP/R16B03)',
24 silly get     etag: '"CMC6SZJTBPO0CBQL0L2H2JK3G"',
24 silly get     'content-type': 'application/json',
24 silly get     'cache-control': 'max-age=300',
24 silly get     'content-length': '145365',
24 silly get     'accept-ranges': 'bytes',
24 silly get     date: 'Thu, 25 Feb 2016 02:08:44 GMT',
24 silly get     via: '1.1 varnish',
24 silly get     age: '0',
24 silly get     connection: 'keep-alive',
24 silly get     'x-served-by': 'cache-lax1426-LAX',
24 silly get     'x-cache': 'HIT',
24 silly get     'x-cache-hits': '1',
24 silly get     'x-timer': 'S1456366123.921815,VS0,VE375',
24 silly get     vary: 'Accept' } ]
25 verbose get saving node-inspector to /Users/Nolan-Lauren/.npm/registry.npmjs.org/node-inspector/.cache.json
26 silly addNameRange number 2 { name: 'node-inspector', range: '*', hasData: true }
27 silly addNameRange versions [ 'node-inspector',
27 silly addNameRange   [ '0.0.1',
27 silly addNameRange     '0.0.2',
27 silly addNameRange     '0.0.3',
27 silly addNameRange     '0.0.4',
27 silly addNameRange     '0.1.0',
27 silly addNameRange     '0.1.1',
27 silly addNameRange     '0.1.2',
27 silly addNameRange     '0.1.3',
27 silly addNameRange     '0.1.4',
27 silly addNameRange     '0.1.5',
27 silly addNameRange     '0.1.6',
27 silly addNameRange     '0.1.7',
27 silly addNameRange     '0.1.8',
27 silly addNameRange     '0.1.9',
27 silly addNameRange     '0.1.10',
27 silly addNameRange     '0.3.0',
27 silly addNameRange     '0.3.1',
27 silly addNameRange     '0.3.2',
27 silly addNameRange     '0.3.3',
27 silly addNameRange     '0.3.4',
27 silly addNameRange     '0.4.0',
27 silly addNameRange     '0.5.0',
27 silly addNameRange     '0.6.0',
27 silly addNameRange     '0.6.1',
27 silly addNameRange     '0.6.2',
27 silly addNameRange     '0.7.0-1',
27 silly addNameRange     '0.2.0-beta1',
27 silly addNameRange     '0.2.0-beta2',
27 silly addNameRange     '0.2.0-beta3',
27 silly addNameRange     '0.2.0-beta4',
27 silly addNameRange     '0.3.0-preview1',
27 silly addNameRange     '0.7.0-2',
27 silly addNameRange     '0.7.0',
27 silly addNameRange     '0.7.1',
27 silly addNameRange     '0.7.2',
27 silly addNameRange     '0.7.3',
27 silly addNameRange     '0.7.4',
27 silly addNameRange     '0.8.0',
27 silly addNameRange     '0.8.1',
27 silly addNameRange     '0.8.3',
27 silly addNameRange     '0.9.0',
27 silly addNameRange     '0.9.1',
27 silly addNameRange     '0.9.2',
27 silly addNameRange     '0.10.0',
27 silly addNameRange     '0.10.1',
27 silly addNameRange     '0.10.2',
27 silly addNameRange     '0.11.0',
27 silly addNameRange     '0.11.1',
27 silly addNameRange     '0.11.2',
27 silly addNameRange     '0.12.0',
27 silly addNameRange     '0.12.1',
27 silly addNameRange     '0.12.2',
27 silly addNameRange     '0.12.3',
27 silly addNameRange     '0.12.4',
27 silly addNameRange     '0.12.5',
27 silly addNameRange     '0.12.6' ] ]
28 silly addNamed node-inspector@0.12.6
29 verbose addNamed "0.12.6" is a plain semver version for node-inspector
30 silly mapToRegistry name node-inspector
31 silly mapToRegistry using default registry
32 silly mapToRegistry registry https://registry.npmjs.org/
33 silly mapToRegistry uri https://registry.npmjs.org/node-inspector
34 verbose addRemoteTarball https://registry.npmjs.org/node-inspector/-/node-inspector-0.12.6.tgz not in flight; adding
35 verbose addRemoteTarball [ 'https://registry.npmjs.org/node-inspector/-/node-inspector-0.12.6.tgz',
35 verbose addRemoteTarball   'c1ac6a28b901caa49a53093b8a10b30464914500' ]
36 info retry fetch attempt 1 at 6:08:44 PM
37 info attempt registry request try #1 at 6:08:44 PM
38 http fetch GET https://registry.npmjs.org/node-inspector/-/node-inspector-0.12.6.tgz
39 http fetch 200 https://registry.npmjs.org/node-inspector/-/node-inspector-0.12.6.tgz
40 silly fetchAndShaCheck shasum c1ac6a28b901caa49a53093b8a10b30464914500
41 verbose addTmpTarball /var/folders/83/lft6xgqs3wd_80s_07qf5yqr0000gq/T/npm-613-6ed9f1b4/registry.npmjs.org/node-inspector/-/node-inspector-0.12.6.tgz not in flight; adding
42 verbose addTmpTarball already have metadata; skipping unpack for node-inspector@0.12.6
43 silly cache afterAdd node-inspector@0.12.6
44 verbose afterAdd /Users/Nolan-Lauren/.npm/node-inspector/0.12.6/package/package.json not in flight; writing
45 verbose afterAdd /Users/Nolan-Lauren/.npm/node-inspector/0.12.6/package/package.json written
46 silly install resolved [ { name: 'node-inspector',
46 silly install resolved     version: '0.12.6',
46 silly install resolved     description: 'Web Inspector based nodeJS debugger',
46 silly install resolved     homepage: 'http://github.com/node-inspector/node-inspector',
46 silly install resolved     author: { name: 'Danny Coates', email: 'dannycoates@gmail.com' },
46 silly install resolved     keywords: [ 'debug', 'debugger', 'inspector', 'profiler' ],
46 silly install resolved     repository:
46 silly install resolved      { type: 'git',
46 silly install resolved        url: 'git+ssh://git@github.com/node-inspector/node-inspector.git' },
46 silly install resolved     engines: { node: '>=0.8.0' },
46 silly install resolved     bin:
46 silly install resolved      { 'node-inspector': './bin/inspector.js',
46 silly install resolved        'node-debug': './bin/node-debug.js' },
46 silly install resolved     dependencies:
46 silly install resolved      { async: '~0.9',
46 silly install resolved        'biased-opener': '~0.2.2',
46 silly install resolved        debug: '^2.2.0',
46 silly install resolved        express: '^4.12.3',
46 silly install resolved        glob: '^5.0.5',
46 silly install resolved        'path-is-absolute': '^1.0.0',
46 silly install resolved        rc: '^1.0.1',
46 silly install resolved        semver: '^4.3.4',
46 silly install resolved        'serve-favicon': '^2.1.1',
46 silly install resolved        'strong-data-uri': '^1.0.0',
46 silly install resolved        'v8-debug': '~0.7.1',
46 silly install resolved        'v8-profiler': '~5.6.0',
46 silly install resolved        which: '^1.1.1',
46 silly install resolved        ws: '^0.8.0',
46 silly install resolved        yargs: '^3.9.0' },
46 silly install resolved     devDependencies:
46 silly install resolved      { promise: '^7.0.3',
46 silly install resolved        mocha: '^1.21',
46 silly install resolved        chai: '^2.1',
46 silly install resolved        jshint: '^2.4.4',
46 silly install resolved        'fs-extra': '~0.8.1' },
46 silly install resolved     preferGlobal: true,
46 silly install resolved     scripts:
46 silly install resolved      { pretest: 'jshint .',
46 silly install resolved        test: 'mocha',
46 silly install resolved        'generate-front-end': 'node --harmony tools/generate-front-end' },
46 silly install resolved     contributors:
46 silly install resolved      [ [Object],
46 silly install resolved        [Object],
46 silly install resolved        [Object],
46 silly install resolved        [Object],
46 silly install resolved        [Object],
46 silly install resolved        [Object],
46 silly install resolved        [Object],
46 silly install resolved        [Object],
46 silly install resolved        [Object],
46 silly install resolved        [Object],
46 silly install resolved        [Object],
46 silly install resolved        [Object],
46 silly install resolved        [Object],
46 silly install resolved        [Object],
46 silly install resolved        [Object],
46 silly install resolved        [Object],
46 silly install resolved        [Object],
46 silly install resolved        [Object],
46 silly install resolved        [Object],
46 silly install resolved        [Object],
46 silly install resolved        [Object],
46 silly install resolved        [Object],
46 silly install resolved        [Object],
46 silly install resolved        [Object],
46 silly install resolved        [Object],
46 silly install resolved        [Object],
46 silly install resolved        [Object],
46 silly install resolved        [Object],
46 silly install resolved        [Object],
46 silly install resolved        [Object],
46 silly install resolved        [Object] ],
46 silly install resolved     gitHead: 'd5bea1fdd407a8c9168c09c51084530222825c90',
46 silly install resolved     bugs: { url: 'https://github.com/node-inspector/node-inspector/issues' },
46 silly install resolved     _id: 'node-inspector@0.12.6',
46 silly install resolved     _shasum: 'c1ac6a28b901caa49a53093b8a10b30464914500',
46 silly install resolved     _from: 'node-inspector@*',
46 silly install resolved     _npmVersion: '2.14.12',
46 silly install resolved     _nodeVersion: '4.2.4',
46 silly install resolved     _npmUser: { name: '3y3', email: '3y3@bk.ru' },
46 silly install resolved     maintainers: [ [Object], [Object], [Object], [Object], [Object] ],
46 silly install resolved     dist:
46 silly install resolved      { shasum: 'c1ac6a28b901caa49a53093b8a10b30464914500',
46 silly install resolved        tarball: 'http://registry.npmjs.org/node-inspector/-/node-inspector-0.12.6.tgz' },
46 silly install resolved     _npmOperationalInternal:
46 silly install resolved      { host: 'packages-9-west.internal.npmjs.com',
46 silly install resolved        tmp: 'tmp/node-inspector-0.12.6.tgz_1455019366794_0.9528304627165198' },
46 silly install resolved     directories: {},
46 silly install resolved     _resolved: 'https://registry.npmjs.org/node-inspector/-/node-inspector-0.12.6.tgz' } ]
47 info install node-inspector@0.12.6 into /usr/local/lib
48 info installOne node-inspector@0.12.6
49 verbose installOne of node-inspector to /usr/local/lib not in flight; installing
50 verbose lock using /Users/Nolan-Lauren/.npm/_locks/node-inspector-885d0a05b8e6718d.lock for /usr/local/lib/node_modules/node-inspector
51 silly install write writing node-inspector 0.12.6 to /usr/local/lib/node_modules/node-inspector
52 verbose unbuild lib/node_modules/node-inspector
53 silly gentlyRm /usr/local/lib/node_modules/node-inspector is being purged from base /usr/local
54 verbose gentlyRm don't care about contents; nuking /usr/local/lib/node_modules/node-inspector
55 verbose tar unpack /Users/Nolan-Lauren/.npm/node-inspector/0.12.6/package.tgz
56 verbose tar unpacking to /usr/local/lib/node_modules/node-inspector
57 silly gentlyRm /usr/local/lib/node_modules/node-inspector is being purged
58 verbose gentlyRm don't care about contents; nuking /usr/local/lib/node_modules/node-inspector
59 silly gunzTarPerm modes [ '755', '644' ]
60 error tar.unpack untar error /Users/Nolan-Lauren/.npm/node-inspector/0.12.6/package.tgz
61 verbose unlock done using /Users/Nolan-Lauren/.npm/_locks/node-inspector-885d0a05b8e6718d.lock for /usr/local/lib/node_modules/node-inspector
62 verbose fstream_path /usr/local/lib/node_modules/node-inspector
63 verbose fstream_type Directory
64 verbose fstream_class DirWriter
65 verbose stack Error: EACCES: permission denied, mkdir '/usr/local/lib/node_modules/node-inspector'
65 verbose stack     at Error (native)
66 verbose fstream_stack /usr/local/lib/node_modules/npm/node_modules/fstream/lib/dir-writer.js:35:25
66 verbose fstream_stack /usr/local/lib/node_modules/npm/node_modules/mkdirp/index.js:47:53
66 verbose fstream_stack FSReqWrap.oncomplete (fs.js:82:15)
67 verbose cwd /Volumes/Nolan/Dropbox/My Stuff/New Portfolio App/PortApp
68 error Darwin 15.3.0
69 error argv "/usr/local/bin/node" "/usr/local/bin/npm" "install" "-g" "node-inspector"
70 error node v4.2.3
71 error npm  v2.14.7
72 error path /usr/local/lib/node_modules/node-inspector
73 error code EACCES
74 error errno -13
75 error syscall mkdir
76 error Error: EACCES: permission denied, mkdir '/usr/local/lib/node_modules/node-inspector'
76 error     at Error (native)
76 error  { [Error: EACCES: permission denied, mkdir '/usr/local/lib/node_modules/node-inspector']
76 error   errno: -13,
76 error   code: 'EACCES',
76 error   syscall: 'mkdir',
76 error   path: '/usr/local/lib/node_modules/node-inspector',
76 error   fstream_type: 'Directory',
76 error   fstream_path: '/usr/local/lib/node_modules/node-inspector',
76 error   fstream_class: 'DirWriter',
76 error   fstream_stack:
76 error    [ '/usr/local/lib/node_modules/npm/node_modules/fstream/lib/dir-writer.js:35:25',
76 error      '/usr/local/lib/node_modules/npm/node_modules/mkdirp/index.js:47:53',
76 error      'FSReqWrap.oncomplete (fs.js:82:15)' ] }
77 error Please try running this command again as root/Administrator.
78 verbose exit [ -13, true ]
79 verbose unbuild lib/node_modules/node-inspector
80 silly gentlyRm /usr/local/lib/node_modules/node-inspector is being purged from base /usr/local
81 verbose gentlyRm don't care about contents; nuking /usr/local/lib/node_modules/node-inspector
